{
  "jsonrpc": "2.0",
  "result": [
    {
      "volume_usd": 1709612.0,
      "volume_notional": 1709612.0,
      "volume": 1368.1,
      "quote_currency": "USD",
      "price_change": 3.1173,
      "open_interest": 31668169,
      "mid_price": 1257.97,
      "mark_price": 1257.56,
      "low": 1219.0,
      "last": 1257.0,
      "instrument_name": "ETH-30JUN23",
      "high": 1278.0,
      "estimated_delivery_price": 1254.57,
      "creation_timestamp": 1672880526387,
      "bid_price": 1257.5,
      "base_currency": "ETH",
      "ask_price": 1258.45
    },
    {
      "volume_usd": 154208.0,
      "volume_notional": 154208.0,
      "volume": 123.03,
      "quote_currency": "USD",
      "price_change": 3.0448,
      "open_interest": 3019570,
      "mid_price": 1258.25,
      "mark_price": 1258.09,
      "low": 1220.1,
      "last": 1257.25,
      "instrument_name": "ETH-29SEP23",
      "high": 1273.0,
      "estimated_delivery_price": 1254.57,
      "creation_timestamp": 1672880526387,
      "bid_price": 1258.05,
      "base_currency": "ETH",
      "ask_price": 1258.45
    },
    {
      "volume_usd": 918297.0,
      "volume_notional": 918297.0,
      "volume": 737.22,
      "quote_currency": "USD",
      "price_change": 3.3777,
      "open_interest": 1749560,
      "mid_price": 1256.25,
      "mark_price": 1256.54,
      "low": 1219.75,
      "last": 1260.95,
      "instrument_name": "ETH-24FEB23",
      "high": 1267.4,
      "estimated_delivery_price": 1254.57,
      "creation_timestamp": 1672880526387,
      "bid_price": 1256.0,
      "base_currency": "ETH",
      "ask_price": 1256.5
    },
    {
      "volume_usd": 162685.0,
      "volume_notional": 162685.0,
      "volume": 129.05,
      "quote_currency": "USD",
      "price_change": 2.6873,
      "open_interest": 111488,
      "mid_price": 1249.1,
      "mark_price": 1258.96,
      "low": 1226.15,
      "last": 1259.1,
      "instrument_name": "ETH-29DEC23",
      "high": 1270.0,
      "estimated_delivery_price": 1254.57,
      "creation_timestamp": 1672880526387,
      "bid_price": 1239.2,
      "base_currency": "ETH",
      "ask_price": 1259.0
    },
    {
      "volume_usd": 3520043.0,
      "volume_notional": 3520043.0,
      "volume": 2818.82,
      "quote_currency": "USD",
      "price_change": 3.0451,
      "open_interest": 634608,
      "mid_price": 1254.8,
      "mark_price": 1254.74,
      "low": 1216.7,
      "last": 1253.75,
      "instrument_name": "ETH-13JAN23",
      "high": 1269.55,
      "estimated_delivery_price": 1254.57,
      "creation_timestamp": 1672880526387,
      "bid_price": 1254.75,
      "base_currency": "ETH",
      "ask_price": 1254.85
    },
    {
      "volume_usd": 12124561.0,
      "volume_notional": 12124561.0,
      "volume": 9691.11,
      "quote_currency": "USD",
      "price_change": 3.4078,
      "open_interest": 72484968,
      "mid_price": 1256.57,
      "mark_price": 1256.59,
      "low": 1214.85,
      "last": 1256.25,
      "instrument_name": "ETH-31MAR23",
      "high": 1275.5,
      "estimated_delivery_price": 1254.57,
      "creation_timestamp": 1672880526387,
      "bid_price": 1256.55,
      "base_currency": "ETH",
      "ask_price": 1256.6
    },
    {
      "volume_usd": 2948396.0,
      "volume_notional": 2948396.0,
      "volume": 2365.54,
      "quote_currency": "USD",
      "price_change": 3.3892,
      "open_interest": 6638264,
      "mid_price": 1255.88,
      "mark_price": 1255.86,
      "low": 1214.15,
      "last": 1255.3,
      "instrument_name": "ETH-27JAN23",
      "high": 1271.3,
      "estimated_delivery_price": 1254.57,
      "creation_timestamp": 1672880526387,
      "bid_price": 1255.85,
      "base_currency": "ETH",
      "ask_price": 1255.9
    },
    {
      "volume_usd": 4418100.0,
      "volume_notional": 4418100.0,
      "volume": 3540.94,
      "quote_currency": "USD",
      "price_change": 3.4267,
      "open_interest": 3276547,
      "mid_price": 1254.6,
      "mark_price": 1254.68,
      "low": 1214.0,
      "last": 1255.6,
      "instrument_name": "ETH-6JAN23",
      "high": 1272.9,
      "estimated_delivery_price": 1254.57,
      "creation_timestamp": 1672880526387,
      "bid_price": 1254.5,
      "base_currency": "ETH",
      "ask_price": 1254.7
    },
    {
      "volume_usd": 147029758.0,
      "volume_notional": 147029758.0,
      "volume": 117780.58,
      "quote_currency": "USD",
      "price_change": 3.3997,
      "open_interest": 176689506,
      "mid_price": 1254.68,
      "mark_price": 1254.72,
      "low": 1213.35,
      "last": 1254.6,
      "instrument_name": "ETH-PERPETUAL",
      "high": 1271.95,
      "funding_8h": 0.000005,
      "estimated_delivery_price": 1254.57,
      "current_funding": 0.0,
      "creation_timestamp": 1672880526387,
      "bid_price": 1254.65,
      "base_currency": "ETH",
      "ask_price": 1254.7
    }
  ],
  "usIn": 1672880527260413,
  "usOut": 1672880527260502,
  "usDiff": 89,
  "testnet": false
}
